mode: atomic
github.com/iamdejan/movie-search-service/internal/domain/generic_error/response.go:7.46,11.2 1 3
github.com/iamdejan/movie-search-service/internal/movie_manager/manager.go:11.41,15.2 1 2
github.com/iamdejan/movie-search-service/internal/movie_manager/manager.go:21.102,23.16 2 0
github.com/iamdejan/movie-search-service/internal/movie_manager/manager.go:27.2,27.73 1 0
github.com/iamdejan/movie-search-service/internal/movie_manager/manager.go:23.16,25.3 1 0
github.com/iamdejan/movie-search-service/internal/movie_manager/manager.go:30.69,32.16 2 0
github.com/iamdejan/movie-search-service/internal/movie_manager/manager.go:36.2,36.54 1 0
github.com/iamdejan/movie-search-service/internal/movie_manager/manager.go:32.16,34.3 1 0
github.com/iamdejan/movie-search-service/cmd/server/main.go:13.25,17.2 3 0
github.com/iamdejan/movie-search-service/cmd/server/main.go:19.24,21.16 2 0
github.com/iamdejan/movie-search-service/cmd/server/main.go:25.2,28.42 4 0
github.com/iamdejan/movie-search-service/cmd/server/main.go:21.16,23.3 1 0
github.com/iamdejan/movie-search-service/cmd/server/main.go:28.42,30.3 1 0
github.com/iamdejan/movie-search-service/cmd/server/main.go:33.13,36.2 2 0
github.com/iamdejan/movie-search-service/internal/domain/movie_response/movie_list.go:14.79,20.2 1 2
github.com/iamdejan/movie-search-service/internal/domain/movie_response/movie_list.go:22.88,28.2 1 2
github.com/iamdejan/movie-search-service/internal/domain/movie_response/movie_list.go:30.46,32.2 1 3
github.com/iamdejan/movie-search-service/internal/domain/movie_response/movie_list.go:34.65,36.2 1 3
github.com/iamdejan/movie-search-service/internal/domain/movie_response/movie_list.go:38.43,40.2 1 7
github.com/iamdejan/movie-search-service/internal/domain/movie_response/movie.go:14.71,20.2 1 2
github.com/iamdejan/movie-search-service/internal/domain/movie_response/movie.go:22.61,28.2 1 2
github.com/iamdejan/movie-search-service/internal/domain/movie_response/movie.go:30.42,32.2 1 3
github.com/iamdejan/movie-search-service/internal/domain/movie_response/movie.go:34.42,36.2 1 3
github.com/iamdejan/movie-search-service/internal/domain/movie_response/movie.go:38.39,40.2 1 7
github.com/iamdejan/movie-search-service/cmd/client/main.go:13.95,18.16 2 0
github.com/iamdejan/movie-search-service/cmd/client/main.go:21.2,21.66 1 0
github.com/iamdejan/movie-search-service/cmd/client/main.go:18.16,20.3 1 0
github.com/iamdejan/movie-search-service/cmd/client/main.go:24.79,28.16 2 0
github.com/iamdejan/movie-search-service/cmd/client/main.go:31.2,31.49 1 0
github.com/iamdejan/movie-search-service/cmd/client/main.go:28.16,30.3 1 0
github.com/iamdejan/movie-search-service/cmd/client/main.go:34.13,36.16 2 0
github.com/iamdejan/movie-search-service/cmd/client/main.go:39.2,46.32 6 0
github.com/iamdejan/movie-search-service/cmd/client/main.go:36.16,38.3 1 0
github.com/iamdejan/movie-search-service/internal/omdb_repo/repository.go:19.50,24.2 1 2
github.com/iamdejan/movie-search-service/internal/omdb_repo/repository.go:26.56,28.16 2 0
github.com/iamdejan/movie-search-service/internal/omdb_repo/repository.go:31.2,34.21 4 0
github.com/iamdejan/movie-search-service/internal/omdb_repo/repository.go:28.16,30.3 1 0
github.com/iamdejan/movie-search-service/internal/omdb_repo/repository.go:37.107,40.16 3 0
github.com/iamdejan/movie-search-service/internal/omdb_repo/repository.go:44.2,50.16 6 0
github.com/iamdejan/movie-search-service/internal/omdb_repo/repository.go:53.2,53.42 1 0
github.com/iamdejan/movie-search-service/internal/omdb_repo/repository.go:57.2,60.70 3 0
github.com/iamdejan/movie-search-service/internal/omdb_repo/repository.go:64.2,64.42 1 0
github.com/iamdejan/movie-search-service/internal/omdb_repo/repository.go:68.2,68.41 1 0
github.com/iamdejan/movie-search-service/internal/omdb_repo/repository.go:40.16,42.3 1 0
github.com/iamdejan/movie-search-service/internal/omdb_repo/repository.go:50.16,52.3 1 0
github.com/iamdejan/movie-search-service/internal/omdb_repo/repository.go:53.42,55.3 1 0
github.com/iamdejan/movie-search-service/internal/omdb_repo/repository.go:60.70,62.3 1 0
github.com/iamdejan/movie-search-service/internal/omdb_repo/repository.go:64.42,66.3 1 0
github.com/iamdejan/movie-search-service/internal/omdb_repo/repository.go:71.65,74.16 3 0
github.com/iamdejan/movie-search-service/internal/omdb_repo/repository.go:78.2,83.16 5 0
github.com/iamdejan/movie-search-service/internal/omdb_repo/repository.go:86.2,86.42 1 0
github.com/iamdejan/movie-search-service/internal/omdb_repo/repository.go:90.2,93.70 3 0
github.com/iamdejan/movie-search-service/internal/omdb_repo/repository.go:97.2,97.42 1 0
github.com/iamdejan/movie-search-service/internal/omdb_repo/repository.go:101.2,101.41 1 0
github.com/iamdejan/movie-search-service/internal/omdb_repo/repository.go:74.16,76.3 1 0
github.com/iamdejan/movie-search-service/internal/omdb_repo/repository.go:83.16,85.3 1 0
github.com/iamdejan/movie-search-service/internal/omdb_repo/repository.go:86.42,88.3 1 0
github.com/iamdejan/movie-search-service/internal/omdb_repo/repository.go:93.70,95.3 1 0
github.com/iamdejan/movie-search-service/internal/omdb_repo/repository.go:97.42,99.3 1 0
github.com/iamdejan/movie-search-service/internal/movie_handlers/grpc_handler.go:15.50,19.2 1 1
github.com/iamdejan/movie-search-service/internal/movie_handlers/grpc_handler.go:21.117,23.38 2 2
github.com/iamdejan/movie-search-service/internal/movie_handlers/grpc_handler.go:27.2,27.38 1 1
github.com/iamdejan/movie-search-service/internal/movie_handlers/grpc_handler.go:23.38,25.3 1 1
github.com/iamdejan/movie-search-service/internal/movie_handlers/grpc_handler.go:30.84,32.26 2 2
github.com/iamdejan/movie-search-service/internal/movie_handlers/grpc_handler.go:36.2,36.26 1 1
github.com/iamdejan/movie-search-service/internal/movie_handlers/grpc_handler.go:32.26,34.3 1 1
github.com/iamdejan/movie-search-service/internal/movie_handlers/http_handler.go:14.54,17.2 2 1
github.com/iamdejan/movie-search-service/internal/movie_handlers/http_handler.go:23.40,27.2 1 1
github.com/iamdejan/movie-search-service/internal/movie_handlers/http_handler.go:29.53,32.16 3 3
github.com/iamdejan/movie-search-service/internal/movie_handlers/http_handler.go:36.2,42.29 4 2
github.com/iamdejan/movie-search-service/internal/movie_handlers/http_handler.go:46.2,46.55 1 1
github.com/iamdejan/movie-search-service/internal/movie_handlers/http_handler.go:32.16,34.3 1 1
github.com/iamdejan/movie-search-service/internal/movie_handlers/http_handler.go:42.29,44.3 1 1
github.com/iamdejan/movie-search-service/internal/movie_handlers/http_handler.go:49.50,52.29 3 2
github.com/iamdejan/movie-search-service/internal/movie_handlers/http_handler.go:56.2,56.55 1 1
github.com/iamdejan/movie-search-service/internal/movie_handlers/http_handler.go:52.29,54.3 1 1
github.com/iamdejan/movie-search-service/internal/domain/generic_error/response.go:7.46,11.2 1 0
github.com/iamdejan/movie-search-service/internal/omdb_repo/repository.go:19.50,24.2 1 1
github.com/iamdejan/movie-search-service/internal/omdb_repo/repository.go:26.56,28.16 2 0
github.com/iamdejan/movie-search-service/internal/omdb_repo/repository.go:31.2,34.21 4 0
github.com/iamdejan/movie-search-service/internal/omdb_repo/repository.go:28.16,30.3 1 0
github.com/iamdejan/movie-search-service/internal/omdb_repo/repository.go:37.107,40.16 3 0
github.com/iamdejan/movie-search-service/internal/omdb_repo/repository.go:44.2,50.16 6 0
github.com/iamdejan/movie-search-service/internal/omdb_repo/repository.go:53.2,53.42 1 0
github.com/iamdejan/movie-search-service/internal/omdb_repo/repository.go:57.2,60.70 3 0
github.com/iamdejan/movie-search-service/internal/omdb_repo/repository.go:64.2,64.42 1 0
github.com/iamdejan/movie-search-service/internal/omdb_repo/repository.go:68.2,68.41 1 0
github.com/iamdejan/movie-search-service/internal/omdb_repo/repository.go:40.16,42.3 1 0
github.com/iamdejan/movie-search-service/internal/omdb_repo/repository.go:50.16,52.3 1 0
github.com/iamdejan/movie-search-service/internal/omdb_repo/repository.go:53.42,55.3 1 0
github.com/iamdejan/movie-search-service/internal/omdb_repo/repository.go:60.70,62.3 1 0
github.com/iamdejan/movie-search-service/internal/omdb_repo/repository.go:64.42,66.3 1 0
github.com/iamdejan/movie-search-service/internal/omdb_repo/repository.go:71.65,74.16 3 0
github.com/iamdejan/movie-search-service/internal/omdb_repo/repository.go:78.2,83.16 5 0
github.com/iamdejan/movie-search-service/internal/omdb_repo/repository.go:86.2,86.42 1 0
github.com/iamdejan/movie-search-service/internal/omdb_repo/repository.go:90.2,93.70 3 0
github.com/iamdejan/movie-search-service/internal/omdb_repo/repository.go:97.2,97.42 1 0
github.com/iamdejan/movie-search-service/internal/omdb_repo/repository.go:101.2,101.41 1 0
github.com/iamdejan/movie-search-service/internal/omdb_repo/repository.go:74.16,76.3 1 0
github.com/iamdejan/movie-search-service/internal/omdb_repo/repository.go:83.16,85.3 1 0
github.com/iamdejan/movie-search-service/internal/omdb_repo/repository.go:86.42,88.3 1 0
github.com/iamdejan/movie-search-service/internal/omdb_repo/repository.go:93.70,95.3 1 0
github.com/iamdejan/movie-search-service/internal/omdb_repo/repository.go:97.42,99.3 1 0
github.com/iamdejan/movie-search-service/internal/movie_handlers/http_handler.go:14.54,17.2 2 0
github.com/iamdejan/movie-search-service/internal/movie_handlers/http_handler.go:23.40,27.2 1 0
github.com/iamdejan/movie-search-service/internal/movie_handlers/http_handler.go:29.53,32.16 3 0
github.com/iamdejan/movie-search-service/internal/movie_handlers/http_handler.go:36.2,42.29 4 0
github.com/iamdejan/movie-search-service/internal/movie_handlers/http_handler.go:46.2,46.55 1 0
github.com/iamdejan/movie-search-service/internal/movie_handlers/http_handler.go:32.16,34.3 1 0
github.com/iamdejan/movie-search-service/internal/movie_handlers/http_handler.go:42.29,44.3 1 0
github.com/iamdejan/movie-search-service/internal/movie_handlers/http_handler.go:49.50,52.29 3 0
github.com/iamdejan/movie-search-service/internal/movie_handlers/http_handler.go:56.2,56.55 1 0
github.com/iamdejan/movie-search-service/internal/movie_handlers/http_handler.go:52.29,54.3 1 0
github.com/iamdejan/movie-search-service/internal/domain/movie_response/movie_list.go:14.79,20.2 1 1
github.com/iamdejan/movie-search-service/internal/domain/movie_response/movie_list.go:22.88,28.2 1 1
github.com/iamdejan/movie-search-service/internal/domain/movie_response/movie_list.go:30.46,32.2 1 2
github.com/iamdejan/movie-search-service/internal/domain/movie_response/movie_list.go:34.65,36.2 1 2
github.com/iamdejan/movie-search-service/internal/domain/movie_response/movie_list.go:38.43,40.2 1 2
github.com/iamdejan/movie-search-service/internal/movie_handlers/grpc_handler.go:15.50,19.2 1 0
github.com/iamdejan/movie-search-service/internal/movie_handlers/grpc_handler.go:21.117,23.38 2 0
github.com/iamdejan/movie-search-service/internal/movie_handlers/grpc_handler.go:27.2,27.38 1 0
github.com/iamdejan/movie-search-service/internal/movie_handlers/grpc_handler.go:23.38,25.3 1 0
github.com/iamdejan/movie-search-service/internal/movie_handlers/grpc_handler.go:30.84,32.26 2 0
github.com/iamdejan/movie-search-service/internal/movie_handlers/grpc_handler.go:36.2,36.26 1 0
github.com/iamdejan/movie-search-service/internal/movie_handlers/grpc_handler.go:32.26,34.3 1 0
github.com/iamdejan/movie-search-service/cmd/server/main.go:13.25,17.2 3 0
github.com/iamdejan/movie-search-service/cmd/server/main.go:19.24,21.16 2 0
github.com/iamdejan/movie-search-service/cmd/server/main.go:25.2,28.42 4 0
github.com/iamdejan/movie-search-service/cmd/server/main.go:21.16,23.3 1 0
github.com/iamdejan/movie-search-service/cmd/server/main.go:28.42,30.3 1 0
github.com/iamdejan/movie-search-service/cmd/server/main.go:33.13,36.2 2 0
github.com/iamdejan/movie-search-service/cmd/client/main.go:13.95,18.16 2 0
github.com/iamdejan/movie-search-service/cmd/client/main.go:21.2,21.66 1 0
github.com/iamdejan/movie-search-service/cmd/client/main.go:18.16,20.3 1 0
github.com/iamdejan/movie-search-service/cmd/client/main.go:24.79,28.16 2 0
github.com/iamdejan/movie-search-service/cmd/client/main.go:31.2,31.49 1 0
github.com/iamdejan/movie-search-service/cmd/client/main.go:28.16,30.3 1 0
github.com/iamdejan/movie-search-service/cmd/client/main.go:34.13,36.16 2 0
github.com/iamdejan/movie-search-service/cmd/client/main.go:39.2,46.32 6 0
github.com/iamdejan/movie-search-service/cmd/client/main.go:36.16,38.3 1 0
github.com/iamdejan/movie-search-service/internal/domain/movie_response/movie.go:14.71,20.2 1 1
github.com/iamdejan/movie-search-service/internal/domain/movie_response/movie.go:22.61,28.2 1 1
github.com/iamdejan/movie-search-service/internal/domain/movie_response/movie.go:30.42,32.2 1 2
github.com/iamdejan/movie-search-service/internal/domain/movie_response/movie.go:34.42,36.2 1 1
github.com/iamdejan/movie-search-service/internal/domain/movie_response/movie.go:38.39,40.2 1 2
github.com/iamdejan/movie-search-service/internal/movie_manager/manager.go:11.41,15.2 1 1
github.com/iamdejan/movie-search-service/internal/movie_manager/manager.go:21.102,23.16 2 2
github.com/iamdejan/movie-search-service/internal/movie_manager/manager.go:27.2,27.73 1 1
github.com/iamdejan/movie-search-service/internal/movie_manager/manager.go:23.16,25.3 1 1
github.com/iamdejan/movie-search-service/internal/movie_manager/manager.go:30.69,32.16 2 2
github.com/iamdejan/movie-search-service/internal/movie_manager/manager.go:36.2,36.54 1 1
github.com/iamdejan/movie-search-service/internal/movie_manager/manager.go:32.16,34.3 1 1
github.com/iamdejan/movie-search-service/internal/domain/movie_response/movie_list.go:14.79,20.2 1 0
github.com/iamdejan/movie-search-service/internal/domain/movie_response/movie_list.go:22.88,28.2 1 0
github.com/iamdejan/movie-search-service/internal/domain/movie_response/movie_list.go:30.46,32.2 1 0
github.com/iamdejan/movie-search-service/internal/domain/movie_response/movie_list.go:34.65,36.2 1 0
github.com/iamdejan/movie-search-service/internal/domain/movie_response/movie_list.go:38.43,40.2 1 0
github.com/iamdejan/movie-search-service/internal/movie_handlers/grpc_handler.go:15.50,19.2 1 0
github.com/iamdejan/movie-search-service/internal/movie_handlers/grpc_handler.go:21.117,23.38 2 0
github.com/iamdejan/movie-search-service/internal/movie_handlers/grpc_handler.go:27.2,27.38 1 0
github.com/iamdejan/movie-search-service/internal/movie_handlers/grpc_handler.go:23.38,25.3 1 0
github.com/iamdejan/movie-search-service/internal/movie_handlers/grpc_handler.go:30.84,32.26 2 0
github.com/iamdejan/movie-search-service/internal/movie_handlers/grpc_handler.go:36.2,36.26 1 0
github.com/iamdejan/movie-search-service/internal/movie_handlers/grpc_handler.go:32.26,34.3 1 0
github.com/iamdejan/movie-search-service/internal/movie_handlers/http_handler.go:14.54,17.2 2 0
github.com/iamdejan/movie-search-service/internal/movie_handlers/http_handler.go:23.40,27.2 1 0
github.com/iamdejan/movie-search-service/internal/movie_handlers/http_handler.go:29.53,32.16 3 0
github.com/iamdejan/movie-search-service/internal/movie_handlers/http_handler.go:36.2,42.29 4 0
github.com/iamdejan/movie-search-service/internal/movie_handlers/http_handler.go:46.2,46.55 1 0
github.com/iamdejan/movie-search-service/internal/movie_handlers/http_handler.go:32.16,34.3 1 0
github.com/iamdejan/movie-search-service/internal/movie_handlers/http_handler.go:42.29,44.3 1 0
github.com/iamdejan/movie-search-service/internal/movie_handlers/http_handler.go:49.50,52.29 3 0
github.com/iamdejan/movie-search-service/internal/movie_handlers/http_handler.go:56.2,56.55 1 0
github.com/iamdejan/movie-search-service/internal/movie_handlers/http_handler.go:52.29,54.3 1 0
github.com/iamdejan/movie-search-service/cmd/server/main.go:13.25,17.2 3 0
github.com/iamdejan/movie-search-service/cmd/server/main.go:19.24,21.16 2 0
github.com/iamdejan/movie-search-service/cmd/server/main.go:25.2,28.42 4 0
github.com/iamdejan/movie-search-service/cmd/server/main.go:21.16,23.3 1 0
github.com/iamdejan/movie-search-service/cmd/server/main.go:28.42,30.3 1 0
github.com/iamdejan/movie-search-service/cmd/server/main.go:33.13,36.2 2 0
github.com/iamdejan/movie-search-service/internal/domain/generic_error/response.go:7.46,11.2 1 0
github.com/iamdejan/movie-search-service/internal/movie_manager/manager.go:11.41,15.2 1 0
github.com/iamdejan/movie-search-service/internal/movie_manager/manager.go:21.102,23.16 2 0
github.com/iamdejan/movie-search-service/internal/movie_manager/manager.go:27.2,27.73 1 0
github.com/iamdejan/movie-search-service/internal/movie_manager/manager.go:23.16,25.3 1 0
github.com/iamdejan/movie-search-service/internal/movie_manager/manager.go:30.69,32.16 2 0
github.com/iamdejan/movie-search-service/internal/movie_manager/manager.go:36.2,36.54 1 0
github.com/iamdejan/movie-search-service/internal/movie_manager/manager.go:32.16,34.3 1 0
github.com/iamdejan/movie-search-service/cmd/client/main.go:13.95,18.16 2 0
github.com/iamdejan/movie-search-service/cmd/client/main.go:21.2,21.66 1 0
github.com/iamdejan/movie-search-service/cmd/client/main.go:18.16,20.3 1 0
github.com/iamdejan/movie-search-service/cmd/client/main.go:24.79,28.16 2 0
github.com/iamdejan/movie-search-service/cmd/client/main.go:31.2,31.49 1 0
github.com/iamdejan/movie-search-service/cmd/client/main.go:28.16,30.3 1 0
github.com/iamdejan/movie-search-service/cmd/client/main.go:34.13,36.16 2 0
github.com/iamdejan/movie-search-service/cmd/client/main.go:39.2,46.32 6 0
github.com/iamdejan/movie-search-service/cmd/client/main.go:36.16,38.3 1 0
github.com/iamdejan/movie-search-service/internal/domain/movie_response/movie.go:14.71,20.2 1 0
github.com/iamdejan/movie-search-service/internal/domain/movie_response/movie.go:22.61,28.2 1 0
github.com/iamdejan/movie-search-service/internal/domain/movie_response/movie.go:30.42,32.2 1 0
github.com/iamdejan/movie-search-service/internal/domain/movie_response/movie.go:34.42,36.2 1 0
github.com/iamdejan/movie-search-service/internal/domain/movie_response/movie.go:38.39,40.2 1 0
github.com/iamdejan/movie-search-service/internal/omdb_repo/repository.go:19.50,24.2 1 1
github.com/iamdejan/movie-search-service/internal/omdb_repo/repository.go:26.56,28.16 2 10
github.com/iamdejan/movie-search-service/internal/omdb_repo/repository.go:31.2,34.21 4 10
github.com/iamdejan/movie-search-service/internal/omdb_repo/repository.go:28.16,30.3 1 0
github.com/iamdejan/movie-search-service/internal/omdb_repo/repository.go:37.107,40.16 3 5
github.com/iamdejan/movie-search-service/internal/omdb_repo/repository.go:44.2,50.16 6 5
github.com/iamdejan/movie-search-service/internal/omdb_repo/repository.go:53.2,53.42 1 4
github.com/iamdejan/movie-search-service/internal/omdb_repo/repository.go:57.2,60.70 3 3
github.com/iamdejan/movie-search-service/internal/omdb_repo/repository.go:64.2,64.42 1 2
github.com/iamdejan/movie-search-service/internal/omdb_repo/repository.go:68.2,68.41 1 1
github.com/iamdejan/movie-search-service/internal/omdb_repo/repository.go:40.16,42.3 1 0
github.com/iamdejan/movie-search-service/internal/omdb_repo/repository.go:50.16,52.3 1 1
github.com/iamdejan/movie-search-service/internal/omdb_repo/repository.go:53.42,55.3 1 1
github.com/iamdejan/movie-search-service/internal/omdb_repo/repository.go:60.70,62.3 1 1
github.com/iamdejan/movie-search-service/internal/omdb_repo/repository.go:64.42,66.3 1 1
github.com/iamdejan/movie-search-service/internal/omdb_repo/repository.go:71.65,74.16 3 5
github.com/iamdejan/movie-search-service/internal/omdb_repo/repository.go:78.2,83.16 5 5
github.com/iamdejan/movie-search-service/internal/omdb_repo/repository.go:86.2,86.42 1 4
github.com/iamdejan/movie-search-service/internal/omdb_repo/repository.go:90.2,93.70 3 3
github.com/iamdejan/movie-search-service/internal/omdb_repo/repository.go:97.2,97.42 1 2
github.com/iamdejan/movie-search-service/internal/omdb_repo/repository.go:101.2,101.41 1 1
github.com/iamdejan/movie-search-service/internal/omdb_repo/repository.go:74.16,76.3 1 0
github.com/iamdejan/movie-search-service/internal/omdb_repo/repository.go:83.16,85.3 1 1
github.com/iamdejan/movie-search-service/internal/omdb_repo/repository.go:86.42,88.3 1 1
github.com/iamdejan/movie-search-service/internal/omdb_repo/repository.go:93.70,95.3 1 1
github.com/iamdejan/movie-search-service/internal/omdb_repo/repository.go:97.42,99.3 1 1
